<?xml version="1.0" encoding="UTF-8"?>
<!-- Generated by org.testng.reporters.JUnitReportReporter -->
<testsuite hostname="DESKTOP-KFN922T" failures="0" tests="1" name="com.SwagLabs.Test.LogoinPageTest" time="0.080" errors="0" timestamp="2023-06-30T11:03:15 IST" skipped="0">
  <testcase classname="com.SwagLabs.Test.LogoinPageTest" name="verifyAppTitle" time="0.080"/>
</testsuite> <!-- com.SwagLabs.Test.LogoinPageTest -->
